[    0.000000] Initializing cgroup subsys cpuset
[    0.000000] Initializing cgroup subsys cpu
[    0.000000] Initializing cgroup subsys cpuacct
[    0.000000] Linux version 4.4.0-210-generic (buildd@lgw01-amd64-009) (gcc version 5.4.0 20160609 (Ubuntu 5.4.0-6ubuntu1~16.04.12) ) #242-Ubuntu SMP Fri Apr 16 09:57:56 UTC 2021 (Ubuntu 4.4.0-210.242-generic 4.4.262)
[    0.000000] Command line: BOOT_IMAGE=/boot/vmlinuz-4.4.0-210-generic root=LABEL=cloudimg-rootfs ro console=tty1 console=ttyS0
[    0.000000] KERNEL supported cpus:
[    0.000000]   Intel GenuineIntel
[    0.000000]   AMD AuthenticAMD
[    0.000000]   Centaur CentaurHauls
[    0.000000] x86/fpu: xstate_offset[2]:  576, xstate_sizes[2]:  256
[    0.000000] x86/fpu: Supporting XSAVE feature 0x01: 'x87 floating point registers'
[    0.000000] x86/fpu: Supporting XSAVE feature 0x02: 'SSE registers'
[    0.000000] x86/fpu: Supporting XSAVE feature 0x04: 'AVX registers'
[    0.000000] x86/fpu: Enabled xstate features 0x7, context size is 832 bytes, using 'standard' format.
[    0.000000] e820: BIOS-provided physical RAM map:
[    0.000000] BIOS-e820: [mem 0x0000000000000000-0x000000000009fbff] usable
[    0.000000] BIOS-e820: [mem 0x000000000009fc00-0x000000000009ffff] reserved
[    0.000000] BIOS-e820: [mem 0x00000000000f0000-0x00000000000fffff] reserved
[    0.000000] BIOS-e820: [mem 0x0000000000100000-0x000000003ffeffff] usable
[    0.000000] BIOS-e820: [mem 0x000000003fff0000-0x000000003fffffff] ACPI data
[    0.000000] BIOS-e820: [mem 0x00000000fec00000-0x00000000fec00fff] reserved
[    0.000000] BIOS-e820: [mem 0x00000000fee00000-0x00000000fee00fff] reserved
[    0.000000] BIOS-e820: [mem 0x00000000fffc0000-0x00000000ffffffff] reserved
[    0.000000] NX (Execute Disable) protection: active
[    0.000000] SMBIOS 2.5 present.
[    0.000000] Hypervisor detected: KVM
[    0.000000] e820: last_pfn = 0x3fff0 max_arch_pfn = 0x400000000
[    0.000000] MTRR: Disabled
[    0.000000] x86/PAT: MTRRs disabled, skipping PAT initialization too.
[    0.000000] CPU MTRRs all blank - virtualized system.
[    0.000000] x86/PAT: Configuration [0-7]: WB  WT  UC- UC  WB  WT  UC- UC  
[    0.000000] found SMP MP-table at [mem 0x0009fff0-0x0009ffff] mapped at [ffff88000009fff0]
[    0.000000] Scanning 1 areas for low memory corruption
[    0.000000] RAMDISK: [mem 0x362dc000-0x37165fff]
[    0.000000] ACPI: Early table checksum verification disabled
[    0.000000] ACPI: RSDP 0x00000000000E0000 000024 (v02 VBOX  )
[    0.000000] ACPI: XSDT 0x000000003FFF0030 00003C (v01 VBOX   VBOXXSDT 00000001 ASL  00000061)
[    0.000000] ACPI: FACP 0x000000003FFF00F0 0000F4 (v04 VBOX   VBOXFACP 00000001 ASL  00000061)
[    0.000000] ACPI: DSDT 0x000000003FFF0470 002325 (v02 VBOX   VBOXBIOS 00000002 INTL 20100528)
[    0.000000] ACPI: FACS 0x000000003FFF0200 000040
[    0.000000] ACPI: FACS 0x000000003FFF0200 000040
[    0.000000] ACPI: APIC 0x000000003FFF0240 00005C (v02 VBOX   VBOXAPIC 00000001 ASL  00000061)
[    0.000000] ACPI: SSDT 0x000000003FFF02A0 0001CC (v01 VBOX   VBOXCPUT 00000002 INTL 20100528)
[    0.000000] No NUMA configuration found
[    0.000000] Faking a node at [mem 0x0000000000000000-0x000000003ffeffff]
[    0.000000] NODE_DATA(0) allocated [mem 0x3ffeb000-0x3ffeffff]
[    0.000000] kvm-clock: Using msrs 4b564d01 and 4b564d00
[    0.000000] kvm-clock: cpu 0, msr 0:3ffe3001, primary cpu clock
[    0.000000] kvm-clock: using sched offset of 4612219912 cycles
[    0.000000] clocksource: kvm-clock: mask: 0xffffffffffffffff max_cycles: 0x1cd42e4dffb, max_idle_ns: 881590591483 ns
[    0.000000] Zone ranges:
[    0.000000]   DMA      [mem 0x0000000000001000-0x0000000000ffffff]
[    0.000000]   DMA32    [mem 0x0000000001000000-0x000000003ffeffff]
[    0.000000]   Normal   empty
[    0.000000]   Device   empty
[    0.000000] Movable zone start for each node
[    0.000000] Early memory node ranges
[    0.000000]   node   0: [mem 0x0000000000001000-0x000000000009efff]
[    0.000000]   node   0: [mem 0x0000000000100000-0x000000003ffeffff]
[    0.000000] Initmem setup node 0 [mem 0x0000000000001000-0x000000003ffeffff]
[    0.000000] ACPI: PM-Timer IO Port: 0x4008
[    0.000000] IOAPIC[0]: apic_id 2, version 32, address 0xfec00000, GSI 0-23
[    0.000000] ACPI: INT_SRC_OVR (bus 0 bus_irq 0 global_irq 2 dfl dfl)
[    0.000000] ACPI: INT_SRC_OVR (bus 0 bus_irq 9 global_irq 9 low level)
[    0.000000] Using ACPI (MADT) for SMP configuration information
[    0.000000] smpboot: Allowing 2 CPUs, 0 hotplug CPUs
[    0.000000] PM: Registered nosave memory: [mem 0x00000000-0x00000fff]
[    0.000000] PM: Registered nosave memory: [mem 0x0009f000-0x0009ffff]
[    0.000000] PM: Registered nosave memory: [mem 0x000a0000-0x000effff]
[    0.000000] PM: Registered nosave memory: [mem 0x000f0000-0x000fffff]
[    0.000000] e820: [mem 0x40000000-0xfebfffff] available for PCI devices
[    0.000000] Booting paravirtualized kernel on KVM
[    0.000000] clocksource: refined-jiffies: mask: 0xffffffff max_cycles: 0xffffffff, max_idle_ns: 7645519600211568 ns
[    0.000000] setup_percpu: NR_CPUS:512 nr_cpumask_bits:512 nr_cpu_ids:2 nr_node_ids:1
[    0.000000] PERCPU: Embedded 33 pages/cpu @ffff88003fc00000 s95192 r8192 d31784 u1048576
[    0.000000] Built 1 zonelists in Node order, mobility grouping on.  Total pages: 257912
[    0.000000] Policy zone: DMA32
[    0.000000] Kernel command line: BOOT_IMAGE=/boot/vmlinuz-4.4.0-210-generic root=LABEL=cloudimg-rootfs ro console=tty1 console=ttyS0
[    0.000000] PID hash table entries: 4096 (order: 3, 32768 bytes)
[    0.000000] Memory: 997792K/1048120K available (8644K kernel code, 1332K rwdata, 4044K rodata, 1492K init, 1164K bss, 50328K reserved, 0K cma-reserved)
[    0.000000] SLUB: HWalign=64, Order=0-3, MinObjects=0, CPUs=2, Nodes=1
[    0.000000] Kernel/User page tables isolation: enabled
[    0.000000] Hierarchical RCU implementation.
[    0.000000] 	Build-time adjustment of leaf fanout to 64.
[    0.000000] 	RCU restricting CPUs from NR_CPUS=512 to nr_cpu_ids=2.
[    0.000000] RCU: Adjusting geometry for rcu_fanout_leaf=64, nr_cpu_ids=2
[    0.000000] NR_IRQS:33024 nr_irqs:440 16
[    0.000000] Console: colour VGA+ 80x25
[    0.000000] console [tty1] enabled
[    0.000000] console [ttyS0] enabled
[    0.000000] tsc: Detected 1992.000 MHz processor
[    0.423873] Calibrating delay loop (skipped) preset value.. 3984.00 BogoMIPS (lpj=7968000)
[    0.428722] pid_max: default: 32768 minimum: 301
[    0.431336] ACPI: Core revision 20150930
[    0.437737] ACPI: 2 ACPI AML tables successfully acquired and loaded
[    0.441331] Security Framework initialized
[    0.444223] Yama: becoming mindful.
[    0.446574] AppArmor: AppArmor initialized
[    0.449312] Dentry cache hash table entries: 131072 (order: 8, 1048576 bytes)
[    0.460517] Inode-cache hash table entries: 65536 (order: 7, 524288 bytes)
[    0.465274] Mount-cache hash table entries: 2048 (order: 2, 16384 bytes)
[    0.469238] Mountpoint-cache hash table entries: 2048 (order: 2, 16384 bytes)
[    0.473523] Initializing cgroup subsys io
[    0.476216] Initializing cgroup subsys memory
[    0.479317] Initializing cgroup subsys devices
[    0.482419] Initializing cgroup subsys freezer
[    0.485353] Initializing cgroup subsys net_cls
[    0.488891] Initializing cgroup subsys perf_event
[    0.491946] Initializing cgroup subsys net_prio
[    0.495294] Initializing cgroup subsys hugetlb
[    0.498067] Initializing cgroup subsys pids
[    0.529822] mce: CPU supports 0 MCE banks
[    0.532448] Last level iTLB entries: 4KB 64, 2MB 8, 4MB 8
[    0.535912] Last level dTLB entries: 4KB 64, 2MB 0, 4MB 0, 1GB 4
[    0.539699] Spectre V1 : Mitigation: usercopy/swapgs barriers and __user pointer sanitization
[    0.545248] Spectre V2 : Mitigation: Full generic retpoline
[    0.548429] Spectre V2 : Spectre v2 / SpectreRSB mitigation: Filling RSB on context switch
[    0.554203] Speculative Store Bypass: Vulnerable
[    0.557106] SRBDS: Unknown: Dependent on hypervisor status
[    0.561019] MDS: Mitigation: Clear CPU buffers
[    0.571981] Freeing SMP alternatives memory: 36K
[    0.590710] ftrace: allocating 32380 entries in 127 pages
[    0.760368] smpboot: APIC(0) Converting physical 0 to logical package 0
[    0.765726] smpboot: Max logical packages: 1
[    0.770823] x2apic enabled
[    0.774608] Switched APIC routing to physical x2apic.
[    0.783517] ..TIMER: vector=0x30 apic1=0 pin1=2 apic2=-1 pin2=-1
[    0.897024] smpboot: CPU0: Intel(R) Core(TM) i7-8550U CPU @ 1.80GHz (family: 0x6, model: 0x8e, stepping: 0xa)
[    0.903768] Performance Events: unsupported p6 CPU model 142 no PMU driver, software events only.
[    0.936009] KVM setup paravirtual spinlock
[    0.940437] x86: Booting SMP configuration:
[    0.943155] .... node  #0, CPUs:      #1
[    0.946215] kvm-clock: cpu 1, msr 0:3ffe3041, secondary cpu clock
[    0.979438] mce: CPU supports 0 MCE banks
[    0.984002] x86: Booted up 1 node, 2 CPUs
[    0.987373] smpboot: Total of 2 processors activated (7968.00 BogoMIPS)
[    0.992201] devtmpfs: initialized
[    0.998829] evm: security.selinux
[    1.001135] evm: security.SMACK64
[    1.003944] evm: security.SMACK64EXEC
[    1.006494] evm: security.SMACK64TRANSMUTE
[    1.009117] evm: security.SMACK64MMAP
[    1.011749] evm: security.ima
[    1.014109] evm: security.capability
[    1.016733] clocksource: jiffies: mask: 0xffffffff max_cycles: 0xffffffff, max_idle_ns: 7645041785100000 ns
[    1.023119] futex hash table entries: 512 (order: 3, 32768 bytes)
[    1.026733] pinctrl core: initialized pinctrl subsystem
[    1.030446] RTC time: 13:33:18, date: 03/11/22
[    1.034426] NET: Registered protocol family 16
[    1.052283] cpuidle: using governor ladder
[    1.068099] cpuidle: using governor menu
[    1.072010] PCCT header not found.
[    1.075731] ACPI: bus type PCI registered
[    1.079462] acpiphp: ACPI Hot Plug PCI Controller Driver version: 0.5
[    1.085542] PCI: Using configuration type 1 for base access
[    1.105183] ACPI: Added _OSI(Module Device)
[    1.109606] ACPI: Added _OSI(Processor Device)
[    1.114722] ACPI: Added _OSI(3.0 _SCP Extensions)
[    1.120076] ACPI: Added _OSI(Processor Aggregator Device)
[    1.128066] ACPI: Executed 1 blocks of module-level executable AML code
[    1.143096] ACPI: Interpreter enabled
[    1.146875] ACPI: (supports S0 S5)
[    1.150330] ACPI: Using IOAPIC for interrupt routing
[    1.155812] PCI: Using host bridge windows from ACPI; if necessary, use "pci=nocrs" and report a bug
[    1.178638] ACPI: PCI Root Bridge [PCI0] (domain 0000 [bus 00-ff])
[    1.184084] acpi PNP0A03:00: _OSC: OS supports [ASPM ClockPM Segments MSI]
[    1.191683] acpi PNP0A03:00: _OSC: not requesting OS control; OS requires [ExtendedConfig ASPM ClockPM MSI]
[    1.197992] acpi PNP0A03:00: fail to add MMCONFIG information, can't access extended PCI configuration space under this bridge.
[    1.205899] PCI host bridge to bus 0000:00
[    1.208590] pci_bus 0000:00: root bus resource [io  0x0000-0x0cf7 window]
[    1.212983] pci_bus 0000:00: root bus resource [io  0x0d00-0xffff window]
[    1.217178] pci_bus 0000:00: root bus resource [mem 0x000a0000-0x000bffff window]
[    1.222842] pci_bus 0000:00: root bus resource [mem 0x40000000-0xfdffffff window]
[    1.228352] pci_bus 0000:00: root bus resource [bus 00-ff]
[    1.236736] pci 0000:00:01.1: legacy IDE quirk: reg 0x10: [io  0x01f0-0x01f7]
[    1.240715] pci 0000:00:01.1: legacy IDE quirk: reg 0x14: [io  0x03f6]
[    1.244796] pci 0000:00:01.1: legacy IDE quirk: reg 0x18: [io  0x0170-0x0177]
[    1.275901] pci 0000:00:01.1: legacy IDE quirk: reg 0x1c: [io  0x0376]
[    1.303521] pci 0000:00:07.0: quirk: [io  0x4000-0x403f] claimed by PIIX4 ACPI
[    1.309029] pci 0000:00:07.0: quirk: [io  0x4100-0x410f] claimed by PIIX4 SMB
[    1.322262] ACPI: PCI Interrupt Link [LNKA] (IRQs 5 9 10 *11)
[    1.327341] ACPI: PCI Interrupt Link [LNKB] (IRQs 5 9 *10 11)
[    1.331447] ACPI: PCI Interrupt Link [LNKC] (IRQs 5 *9 10 11)
[    1.336066] ACPI: PCI Interrupt Link [LNKD] (IRQs 5 9 10 *11)
[    1.340707] ACPI: Enabled 2 GPEs in block 00 to 07
[    1.344419] vgaarb: setting as boot device: PCI:0000:00:02.0
[    1.347313] vgaarb: device added: PCI:0000:00:02.0,decodes=io+mem,owns=io+mem,locks=none
[    1.351537] vgaarb: loaded
[    1.353204] vgaarb: bridge control possible 0000:00:02.0
[    1.356189] SCSI subsystem initialized
[    1.358952] ACPI: bus type USB registered
[    1.361285] usbcore: registered new interface driver usbfs
[    1.364049] usbcore: registered new interface driver hub
[    1.366820] usbcore: registered new device driver usb
[    1.375804] PCI: Using ACPI for IRQ routing
[    1.379261] NetLabel: Initializing
[    1.381438] NetLabel:  domain hash size = 128
[    1.383886] NetLabel:  protocols = UNLABELED CIPSOv4
[    1.386679] NetLabel:  unlabeled traffic allowed by default
[    1.390117] amd_nb: Cannot enumerate AMD northbridges
[    1.392866] clocksource: Switched to clocksource kvm-clock
[    1.421982] AppArmor: AppArmor Filesystem Enabled
[    1.425320] pnp: PnP ACPI init
[    1.430034] pnp: PnP ACPI: found 3 devices
[    1.448741] clocksource: acpi_pm: mask: 0xffffff max_cycles: 0xffffff, max_idle_ns: 2085701024 ns
[    1.454555] NET: Registered protocol family 2
[    1.457707] TCP established hash table entries: 8192 (order: 4, 65536 bytes)
[    1.462124] TCP bind hash table entries: 8192 (order: 5, 131072 bytes)
[    1.466145] TCP: Hash tables configured (established 8192 bind 8192)
[    1.470031] UDP hash table entries: 512 (order: 2, 16384 bytes)
[    1.473605] UDP-Lite hash table entries: 512 (order: 2, 16384 bytes)
[    1.477715] NET: Registered protocol family 1
[    1.480513] pci 0000:00:00.0: Limiting direct PCI/PCI transfers
[    1.484101] pci 0000:00:01.0: Activating ISA DMA hang workarounds
[    1.488621] Unpacking initramfs...
[    2.074571] Freeing initrd memory: 14888K
[    2.077509] clocksource: tsc: mask: 0xffffffffffffffff max_cycles: 0x396d519840e, max_idle_ns: 881590569543 ns
[    2.083149] platform rtc_cmos: registered platform RTC device (no PNP device found)
[    2.087734] Scanning for low memory corruption every 60 seconds
[    2.091610] audit: initializing netlink subsys (disabled)
[    2.095106] audit: type=2000 audit(1647005604.847:1): initialized
[    2.098986] Initialise system trusted keyring
[    2.101877] HugeTLB registered 2 MB page size, pre-allocated 0 pages
[    2.108009] zbud: loaded
[    2.111134] VFS: Disk quotas dquot_6.6.0
[    2.113752] VFS: Dquot-cache hash table entries: 512 (order 0, 4096 bytes)
[    2.118336] squashfs: version 4.0 (2009/01/31) Phillip Lougher
[    2.122330] fuse init (API version 7.23)
[    2.125250] Key type big_key registered
[    2.128101] Allocating IMA MOK and blacklist keyrings.
[    2.134298] Key type asymmetric registered
[    2.137109] Asymmetric key parser 'x509' registered
[    2.140149] Block layer SCSI generic (bsg) driver version 0.4 loaded (major 249)
[    2.145671] io scheduler noop registered
[    2.148299] io scheduler deadline registered (default)
[    2.151867] io scheduler cfq registered
[    2.154924] pci_hotplug: PCI Hot Plug PCI Core version: 0.5
[    2.158394] pciehp: PCI Express Hot Plug Controller Driver version: 0.4
[    2.162552] ACPI: AC Adapter [AC] (off-line)
[    2.165334] input: Power Button as /devices/LNXSYSTM:00/LNXPWRBN:00/input/input0
[    2.170407] ACPI: Power Button [PWRF]
[    2.172970] input: Sleep Button as /devices/LNXSYSTM:00/LNXSLPBN:00/input/input1
[    2.177900] ACPI: Sleep Button [SLPF]
[    2.180856] GHES: HEST is not enabled!
[    2.182911] ACPI: Battery Slot [BAT0] (battery present)
[    2.187990] Serial: 8250/16550 driver, 32 ports, IRQ sharing enabled
[    2.213674] 00:02: ttyS0 at I/O 0x3f8 (irq = 4, base_baud = 115200) is a 16550A
[    2.220583] Linux agpgart interface v0.103
[    2.227265] loop: module loaded
[    2.231118] scsi host0: ata_piix
[    2.234006] scsi host1: ata_piix
[    2.236654] ata1: PATA max UDMA/33 cmd 0x1f0 ctl 0x3f6 bmdma 0xd000 irq 14
[    2.240836] ata2: PATA max UDMA/33 cmd 0x170 ctl 0x376 bmdma 0xd008 irq 15
[    2.245390] libphy: Fixed MDIO Bus: probed
[    2.248287] tun: Universal TUN/TAP device driver, 1.6
[    2.251834] tun: (C) 1999-2004 Max Krasnyansky <maxk@qualcomm.com>
[    2.255737] PPP generic driver version 2.4.2
[    2.258613] ehci_hcd: USB 2.0 'Enhanced' Host Controller (EHCI) Driver
[    2.262788] ehci-pci: EHCI PCI platform driver
[    2.265654] ehci-platform: EHCI generic platform driver
[    2.268836] ohci_hcd: USB 1.1 'Open' Host Controller (OHCI) Driver
[    2.272584] ohci-pci: OHCI PCI platform driver
[    2.275724] ohci-platform: OHCI generic platform driver
[    2.279238] uhci_hcd: USB Universal Host Controller Interface driver
[    2.283177] i8042: PNP: PS/2 Controller [PNP0303:PS2K,PNP0f03:PS2M] at 0x60,0x64 irq 1,12
[    2.289741] serio: i8042 KBD port at 0x60,0x64 irq 1
[    2.293105] serio: i8042 AUX port at 0x60,0x64 irq 12
[    2.296631] mousedev: PS/2 mouse device common for all mice
[    2.300854] input: AT Translated Set 2 keyboard as /devices/platform/i8042/serio0/input/input2
[    2.307199] rtc_cmos rtc_cmos: rtc core: registered rtc_cmos as rtc0
[    2.311368] rtc_cmos rtc_cmos: alarms up to one day, 114 bytes nvram
[    2.315128] i2c /dev entries driver
[    2.317847] device-mapper: uevent: version 1.0.3
[    2.321055] device-mapper: ioctl: 4.34.0-ioctl (2015-10-28) initialised: dm-devel@redhat.com
[    2.326481] ledtrig-cpu: registered to indicate activity on CPUs
[    2.331454] NET: Registered protocol family 10
[    2.335138] NET: Registered protocol family 17
[    2.338232] Key type dns_resolver registered
[    2.341867] registered taskstats version 1
[    2.344561] Loading compiled-in X.509 certificates
[    2.348350] Loaded X.509 cert 'Build time autogenerated kernel key: cf00e047681d67edb2720680708b7d9498083038'
[    2.354518] zswap: loaded using pool lzo/zbud
[    2.361280] Key type trusted registered
[    2.370940] Key type encrypted registered
[    2.373597] AppArmor: AppArmor sha1 policy hashing enabled
[    2.377571] ima: No TPM chip found, activating TPM-bypass!
[    2.380904] ima: Allocated hash algorithm: sha1
[    2.383894] evm: HMAC attrs: 0x1
[    2.387128]   Magic number: 14:215:584
[    2.389958] rtc_cmos rtc_cmos: setting system clock to 2022-03-11 13:33:20 UTC (1647005600)
[    2.396802] BIOS EDD facility v0.16 2004-Jun-25, 0 devices found
[    2.401461] EDD information not available.
[    2.431954] Freeing unused kernel memory: 1492K
[    2.434434] Write protecting the kernel read-only data: 14336k
[    2.437934] Freeing unused kernel memory: 1584K
[    2.440527] Freeing unused kernel memory: 52K
Loading, please wait...
starting version 229
[    2.472088] random: systemd-udevd: uninitialized urandom read (16 bytes read, 5 bits of entropy available)
[    2.474292] random: udevadm: uninitialized urandom read (16 bytes read, 5 bits of entropy available)
[    2.474361] random: udevadm: uninitialized urandom read (16 bytes read, 5 bits of entropy available)
[    2.488425] random: systemd-udevd: uninitialized urandom read (16 bytes read, 5 bits of entropy available)
[    2.494103] random: systemd-udevd: uninitialized urandom read (16 bytes read, 5 bits of entropy available)
[    2.498336] random: udevadm: uninitialized urandom read (16 bytes read, 5 bits of entropy available)
[    2.498460] random: udevadm: uninitialized urandom read (16 bytes read, 5 bits of entropy available)
[    2.498793] random: udevadm: uninitialized urandom read (16 bytes read, 5 bits of entropy available)
[    2.498906] random: udevadm: uninitialized urandom read (16 bytes read, 5 bits of entropy available)
[    2.499057] random: udevadm: uninitialized urandom read (16 bytes read, 5 bits of entropy available)
[    2.672841] Fusion MPT base driver 3.04.20
[    2.675750] Copyright (c) 1999-2008 LSI Corporation
[    2.679205] e1000: Intel(R) PRO/1000 Network Driver - version 7.3.21-k8-NAPI
[    2.683603] e1000: Copyright (c) 1999-2006 Intel Corporation.
[    2.700646] Fusion MPT SPI Host driver 3.04.20
[    2.740736] AVX2 version of gcm_enc/dec engaged.
[    2.745006] AES CTR mode by8 optimization enabled
[    2.897377] input: ImExPS/2 Generic Explorer Mouse as /devices/platform/i8042/serio1/input/input4
[    3.405451] e1000 0000:00:03.0 eth0: (PCI:33MHz:32-bit) 02:be:82:6b:cc:1d
[    3.412513] e1000 0000:00:03.0 eth0: Intel(R) PRO/1000 Network Connection
[    3.421787] mptbase: ioc0: Initiating bringup
[    3.425889] e1000 0000:00:03.0 enp0s3: renamed from eth0
[    3.838946] ioc0: LSI53C1030 A0: Capabilities={Initiator}
[    5.860880] scsi host2: ioc0: LSI53C1030 A0, FwRev=00000000h, Ports=1, MaxQ=256, IRQ=20
[    7.023653] scsi 2:0:0:0: Direct-Access     VBOX     HARDDISK         1.0  PQ: 0 ANSI: 5
[    7.033484] scsi target2:0:0: Beginning Domain Validation
[    7.045828] scsi target2:0:0: Domain Validation skipping write tests
[    7.052735] scsi target2:0:0: Ending Domain Validation
[    7.058869] scsi target2:0:0: asynchronous
[    7.066154] scsi 2:0:1:0: Direct-Access     VBOX     HARDDISK         1.0  PQ: 0 ANSI: 5
[    7.075140] scsi target2:0:1: Beginning Domain Validation
[    7.086001] scsi target2:0:1: Domain Validation skipping write tests
[    7.092704] scsi target2:0:1: Ending Domain Validation
[    7.122436] scsi target2:0:1: asynchronous
[    7.136735] sd 2:0:0:0: Attached scsi generic sg0 type 0
[    7.140328] sd 2:0:1:0: Attached scsi generic sg1 type 0
[    7.141214] sd 2:0:0:0: [sda] 83886080 512-byte logical blocks: (42.9 GB/40.0 GiB)
[    7.147071] sd 2:0:1:0: [sdb] 20480 512-byte logical blocks: (10.5 MB/10.0 MiB)
[    7.149094] sd 2:0:0:0: [sda] Write Protect is off
[    7.149363] sd 2:0:0:0: [sda] Incomplete mode parameter data
[    7.149365] sd 2:0:0:0: [sda] Assuming drive cache: write through
[    7.160331]  sda: sda1
[    7.162382] sd 2:0:0:0: [sda] Attached SCSI disk
[    7.168855] sd 2:0:1:0: [sdb] Write Protect is off
[    7.172319] sd 2:0:1:0: [sdb] Incomplete mode parameter data
[    7.175759] sd 2:0:1:0: [sdb] Assuming drive cache: write through
[    7.185446] sd 2:0:1:0: [sdb] Attached SCSI disk
Begin: Loading essential drivers ... [    9.262452] md: linear personality registered for level -1
[    9.271406] md: multipath personality registered for level -4
[    9.279633] md: raid0 personality registered for level 0
[    9.291924] md: raid1 personality registered for level 1
[    9.368999] raid6: sse2x1   gen()  4721 MB/s
[    9.436974] raid6: sse2x1   xor()  3775 MB/s
[    9.505021] raid6: sse2x2   gen()  6192 MB/s
[    9.572985] raid6: sse2x2   xor()  4302 MB/s
[    9.640981] raid6: sse2x4   gen()  6775 MB/s
[    9.708989] raid6: sse2x4   xor()  4502 MB/s
[    9.776988] raid6: avx2x1   gen()  8166 MB/s
[    9.844986] raid6: avx2x2   gen() 10904 MB/s
[    9.913017] raid6: avx2x4   gen() 12072 MB/s
[    9.915766] raid6: using algorithm avx2x4 gen() 12072 MB/s
[    9.919076] raid6: using avx2x2 recovery algorithm
[    9.925442] xor: automatically using best checksumming function:
[    9.964976]    avx       :  8855.000 MB/sec
[    9.969705] async_tx: api initialized (async)
[    9.994096] md: raid6 personality registered for level 6
[   10.000009] md: raid5 personality registered for level 5
[   10.005472] md: raid4 personality registered for level 4
[   10.033101] md: raid10 personality registered for level 10
done.
Begin: Running /scripts/init-premount ... done.
Begin: Mounting root file system ... Begin: Running /scripts/local-top ... done.
Begin: Running /scripts/local-premount ... [   10.144173] Btrfs loaded
Scanning for Btrfs filesystems
done.
Warning: fsck not present, so skipping root file system
[   10.243048] EXT4-fs (sda1): mounted filesystem with ordered data mode. Opts: (null)
done.
Begin: Running /scripts/local-bottom ... done.
Begin: Running /scripts/init-bottom ... done.
[   10.526995] systemd[1]: systemd 229 running in system mode. (+PAM +AUDIT +SELINUX +IMA +APPARMOR +SMACK +SYSVINIT +UTMP +LIBCRYPTSETUP +GCRYPT +GNUTLS +ACL +XZ -LZ4 +SECCOMP +BLKID +ELFUTILS +KMOD -IDN)
[   10.544400] systemd[1]: Detected virtualization oracle.
[   10.549972] systemd[1]: Detected architecture x86-64.

Welcome to [1mUbuntu 16.04.7 LTS[0m!

[   10.562894] systemd[1]: Set hostname to <ubuntu>.
[   10.573663] systemd[1]: Initializing machine ID from random generator.
[   10.580569] systemd[1]: Installed transient /etc/machine-id file.
[   10.865443] systemd[1]: Reached target Swap.
[[0;32m  OK  [0m] Reached target Swap.
[   10.872131] systemd[1]: Reached target System Time Synchronized.
[[0;32m  OK  [0m] Reached target System Time Synchronized.
[   10.881155] systemd[1]: Listening on Journal Socket (/dev/log).
[[0;32m  OK  [0m] Listening on Journal Socket (/dev/log).
[   10.889433] systemd[1]: Listening on LVM2 poll daemon socket.
[[0;32m  OK  [0m] Listening on LVM2 poll daemon socket.
[   10.897445] systemd[1]: Listening on Device-mapper event daemon FIFOs.
[[0;32m  OK  [0m] Listening on Device-mapper event daemon FIFOs.
[   10.914470] systemd[1]: Set up automount Arbitrary Executable File Formats File System Automount Point.
[[0;32m  OK  [0m] Set up automount Arbitrary Executab...ats File System Automount Point.
[   10.927616] systemd[1]: Reached target Encrypted Volumes.
[[0;32m  OK  [0m] Reached target Encrypted Volumes.
[   10.942324] systemd[1]: Listening on udev Control Socket.
[[0;32m  OK  [0m] Listening on udev Control Socket.
[   10.958738] systemd[1]: Created slice User and Session Slice.
[[0;32m  OK  [0m] Created slice User and Session Slice.
[   10.969784] systemd[1]: Listening on fsck to fsckd communication Socket.
[[0;32m  OK  [0m] Listening on fsck to fsckd communication Socket.
[   10.981428] systemd[1]: Listening on Journal Socket.
[[0;32m  OK  [0m] Listening on Journal Socket.
[   10.997859] systemd[1]: Listening on LVM2 metadata daemon socket.
[[0;32m  OK  [0m] Listening on LVM2 metadata daemon socket.
[   11.006819] systemd[1]: Created slice System Slice.
[[0;32m  OK  [0m] Created slice System Slice.
[   11.034139] systemd[1]: Starting Uncomplicated firewall...
         Starting Uncomplicated firewall...
[   11.050493] systemd[1]: Starting Set console keymap...
         Starting Set console keymap...
[   11.065122] systemd[1]: Mounting Debug File System...
         Mounting Debug File System...
[   11.080712] systemd[1]: Mounting POSIX Message Queue File System...
         Mounting POSIX Message Queue File System...
[   11.114610] systemd[1]: Created slice system-serial\x2dgetty.slice.
[[0;32m  OK  [0m] Created slice system-serial\x2dgetty.slice.
[   11.136482] systemd[1]: Starting Create list of required static device nodes for the current kernel...
         Starting Create list of required st... nodes for the current kernel...
[   11.149609] systemd[1]: Starting Nameserver information manager...
         Starting Nameserver information manager...
[   11.162659] systemd[1]: Starting File System Check on Root Device...
         Starting File System Check on Root Device...
[   11.176151] random: nonblocking pool is initialized
[   11.180706] systemd[1]: Starting Monitoring of LVM2 mirrors, snapshots etc. using dmeventd or progress polling...
         Starting Monitoring of LVM2 mirrors... dmeventd or progress polling...
[   11.193699] systemd[1]: Listening on udev Kernel Socket.
[[0;32m  OK  [0m] Listening on udev Kernel Socket.
[   11.208408] systemd[1]: Listening on /dev/initctl Compatibility Named Pipe.
[[0;32m  OK  [0m] Listening on /dev/initctl Compatibility Named Pipe.
[   11.225426] systemd[1]: Started Trigger resolvconf update for networkd DNS.
[[0;32m  OK  [0m] Started Trigger resolvconf update for networkd DNS.
[   11.233570] systemd[1]: Listening on Journal Audit Socket.
[[0;32m  OK  [0m] Listening on Journal Audit Socket.
[   11.245390] systemd[1]: Listening on Syslog Socket.
[[0;32m  OK  [0m] Listening on Syslog Socket.
[   11.281774] systemd[1]: Starting Load Kernel Modules...
         Starting Load Kernel Modules...
[   11.292459] systemd[1]: Mounting Huge Pages File System...
         Mounting Huge Pages File System...
[   11.300234] systemd[1]: Starting Journal Service...
         Starting Journal Service...
[   11.312499] systemd[1]: Reached target User and Group Name Lookups.
[   11.318324] Loading iSCSI transport class v2.0-870.
[[0;32m  OK  [0m] Reached target User and Group Name Lookups.
[   11.333627] systemd[1]: Started Forward Password Requests to Wall Directory Watch.
[[0;32m  OK  [0m] Started Forward Password Requests to Wall Directory Watch.
[   11.347705] systemd[1]: Reached target Slices.
[[0;32m  OK  [0m] Reached target Slices.
[   11.355677] iscsi: registered transport (tcp)
[   11.372071] systemd[1]: Mounted Huge Pages File System.
[[0;32m  OK  [0m] Mounted Huge Pages File System.
[   11.379100] systemd[1]: Mounted POSIX Message Queue File System.
[[0;32m  OK  [0m] Mounted POSIX Message Queue File System.
[   11.385181] systemd[1]: Mounted Debug File System.
[[0;32m  OK  [0m] Mounted Debug File System.
[   11.391100] systemd[1]: Started Uncomplicated firewall.
[[0;32m  OK  [0m] Started Uncomplicated firewall.
[   11.403955] systemd[1]: Started Set console keymap.
[[0;32m  OK  [0m] Started Set console keymap.
[   11.414561] systemd[1]: Started Create list of required static device nodes for the current kernel.
[[0;32m  OK  [0m] Started Create list of required sta...ce nodes for the current kernel.
[   11.434688] systemd[1]: Started File System Check on Root Device.
[   11.438695] iscsi: registered transport (iser)
[[0;32m  OK  [0m] Started File System Check on Root Device.
[   11.446348] systemd[1]: Started Journal Service.
[[0;32m  OK  [0m] Started Journal Service.
[[0;32m  OK  [0m] Started Load Kernel Modules.
[[0;32m  OK  [0m] Started Nameserver information manager.
[[0;32m  OK  [0m] Started LVM2 metadata daemon.
[[0;32m  OK  [0m] Started File System Check Daemon to report status.
         Starting Apply Kernel Variables...
         Mounting FUSE Control File System...
         Starting Remount Root and Kernel File Systems...
[   11.503133] EXT4-fs (sda1): re-mounted. Opts: (null)
         Starting Create Static Device Nodes in /dev...
[[0;32m  OK  [0m] Mounted FUSE Control File System.
[[0;32m  OK  [0m] Started Apply Kernel Variables.
[[0;32m  OK  [0m] Started Remount Root and Kernel File Systems.
         Starting udev Coldplug all Devices...
         Starting Load/Save Random Seed...
         Starting Flush Journal to Persistent Storage...
[[0;32m  OK  [0m] Started Load/Save Random Seed.
[[0;32m  OK  [0m] Started Flush Journal to Persistent Storage.
[[0;32m  OK  [0m] Started Create Static Device Nodes in /dev.
         Starting udev Kernel Device Manager...
[[0;32m  OK  [0m] Started udev Kernel Device Manager.
[[0;32m  OK  [0m] Started udev Coldplug all Devices.
[[0;32m  OK  [0m] Started Dispatch Password Requests to Console Directory Watch.
[[0;32m  OK  [0m] Started Monitoring of LVM2 mirrors,...ng dmeventd or progress polling.
[[0;32m  OK  [0m] Reached target Local File Systems (Pre).
[[0;32m  OK  [0m] Reached target Local File Systems.
         Starting LSB: AppArmor initialization...
         Starting Create Volatile Files and Directories...
         Starting Commit a transient machine-id on disk...
         Starting Tell Plymouth To Write Out Runtime Data...
         Starting Set console font and keymap...
         Starting Initial cloud-init job (pre-networking)...
[[0;32m  OK  [0m] Started Create Volatile Files and Directories.
[[0;32m  OK  [0m] Started Commit a transient machine-id on disk.
[[0;32m  OK  [0m] Started Tell Plymouth To Write Out Runtime Data.
         Starting Update UTMP about System Boot/Shutdown...
[[0;32m  OK  [0m] Started Update UTMP about System Boot/Shutdown.
[[0;32m  OK  [0m] Found device /dev/ttyS0.
[[0;32m  OK  [0m] Listening on Load/Save RF Kill Switch Status /dev/rfkill Watch.
[   15.171853] cloud-init[519]: Cloud-init v. 21.1-19-gbad84ad4-0ubuntu1~16.04.2 running 'init-local' at Fri, 11 Mar 2022 13:33:32 +0000. Up 14.07 seconds.
[[0;32m  OK  [0m] Started Initial cloud-init job (pre-networking).
[[0;32m  OK  [0m] Reached target Network (Pre).
[[0;32m  OK  [0m] Started Set console font and keymap.
[[0;32m  OK  [0m] Created slice system-getty.slice.
[[0;32m  OK  [0m] Started LSB: AppArmor initialization.
         Starting Load AppArmor profiles managed internally by snapd...
         Starting Raise network interfaces...
[[0;32m  OK  [0m] Started Load AppArmor profiles managed internally by snapd.
[[0;32m  OK  [0m] Started Raise network interfaces.
[[0;32m  OK  [0m] Reached target Network.
         Starting Initial cloud-init job (metadata service crawler)...
[   20.226697] cloud-init[960]: Cloud-init v. 21.1-19-gbad84ad4-0ubuntu1~16.04.2 running 'init' at Fri, 11 Mar 2022 13:33:37 +0000. Up 18.85 seconds.
[   20.237119] cloud-init[960]: ci-info: ++++++++++++++++++++++++++++++++++++++Net device info++++++++++++++++++++++++++++++++++++++
[   20.240621] cloud-init[960]: ci-info: +--------+------+----------------------------+---------------+--------+-------------------+
[   20.248885] cloud-init[960]: ci-info: | Device |  Up  |          Address           |      Mask     | Scope  |     Hw-Address    |
[   20.256948] cloud-init[960]: ci-info: +--------+------+----------------------------+---------------+--------+-------------------+
[   20.265027] cloud-init[960]: ci-info: | enp0s3 | True |         10.0.2.15          | 255.255.255.0 | global | 02:be:82:6b:cc:1d |
[   20.267899] cloud-init[960]: ci-info: | enp0s3 | True | fe80::be:82ff:fe6b:cc1d/64 |       .       |  link  | 02:be:82:6b:cc:1d |
[   20.271124] cloud-init[960]: ci-info: |   lo   | True |         127.0.0.1          |   255.0.0.0   |  host  |         .         |
[   20.274586] cloud-init[960]: ci-info: |   lo   | True |          ::1/128           |       .       |  host  |         .         |
[   20.277541] cloud-init[960]: ci-info: +--------+------+----------------------------+---------------+--------+-------------------+
[   20.280577] cloud-init[960]: ci-info: +++++++++++++++++++++++++++Route IPv4 info++++++++++++++++++++++++++++
[   20.288999] cloud-init[960]: ci-info: +-------+-------------+----------+---------------+-----------+-------+
[   20.296950] cloud-init[960]: ci-info: | Route | Destination | Gateway  |    Genmask    | Interface | Flags |
[   20.305061] cloud-init[960]: ci-info: +-------+-------------+----------+---------------+-----------+-------+
[   20.312956] cloud-init[960]: ci-info: |   0   |   0.0.0.0   | 10.0.2.2 |    0.0.0.0    |   enp0s3  |   UG  |
[   20.321117] cloud-init[960]: ci-info: |   1   |   10.0.2.0  | 0.0.0.0  | 255.255.255.0 |   enp0s3  |   U   |
[   20.323928] cloud-init[960]: ci-info: +-------+-------------+----------+---------------+-----------+-------+
[   20.327171] cloud-init[960]: ci-info: +++++++++++++++++++Route IPv6 info+++++++++++++++++++
[   20.337017] cloud-init[960]: ci-info: +-------+-------------+---------+-----------+-------+
[   20.339833] cloud-init[960]: ci-info: | Route | Destination | Gateway | Interface | Flags |
[   20.342860] cloud-init[960]: ci-info: +-------+-------------+---------+-----------+-------+
[   20.346191] cloud-init[960]: ci-info: |   0   |  fe80::/64  |    ::   |   enp0s3  |   U   |
[   20.352806] cloud-init[960]: ci-info: |   3   |   ff00::/8  |    ::   |   enp0s3  |   U   |
[   20.355186] cloud-init[960]: ci-info: +-------+-------------+---------+-----------+-------+
[   20.358078] cloud-init[960]: Generating public/private rsa key pair.
[   20.364996] cloud-init[960]: Your identification has been saved in /etc/ssh/ssh_host_rsa_key.
[   20.372861] cloud-init[960]: Your public key has been saved in /etc/ssh/ssh_host_rsa_key.pub.
[   20.381517] cloud-init[960]: The key fingerprint is:
[[0;32m  OK  [0m] Started Initial cloud-init job (metadata service crawler).
[   20.382044] cloud-init[960]: SHA256:YB4XRcNIT5F9JQxx+uoZHe87yKmj4I2uwzapD+IT0rk root@ubuntu-xenial
[   20.403260] cloud-init[960]: The key's randomart image is:
[   20.403774] cloud-init[960]: +---[RSA 2048]----+
[   20.404325] cloud-init[960]: |       .o=*+o+o..|
[   20.405090] cloud-init[960]: |        .+o..oo. |
[   20.406225] cloud-init[960]: |      + . . ..   |
[   20.407180] cloud-init[960]: |     o +     .   |
[   20.408677] cloud-init[960]: | . .  . S     o  |
[   20.409549] cloud-init[960]: |..o          o o |
[   20.410318] cloud-init[960]: |...o. ..    + + .|
[   20.410940] cloud-init[960]: |..E .*. +  o * o |
[   20.411176] cloud-init[960]: | ...+o=+ o..=  .+|
[   20.411405] cloud-init[960]: +----[SHA256]-----+
[   20.411885] cloud-init[960]: Generating public/private dsa key pair.
[   20.412325] cloud-init[960]: Your identification has been saved in /etc/ssh/ssh_host_dsa_key.
[   20.412779] cloud-init[960]: Your public key has been saved in /etc/ssh/ssh_host_dsa_key.pub.
[   20.413369] cloud-init[960]: The key fingerprint is:
[   20.413835] cloud-init[960]: SHA256:vmW50TflSBWgbD7W8ozf6UKcIMj2/qe6yUFSmosI7H8 root@ubuntu-xenial
[   20.414015] cloud-init[960]: The key's randomart image is:
[   20.415018] cloud-init[960]: +---[DSA 1024]----+
[   20.415186] cloud-init[960]: |             ... |
[[0;32m  OK  [0m] Reached target Network is Online.[   20.415770] cloud-init[960]: |          . .   .|
[   20.418675] cloud-init[960]: |      . .. +    .|
[   20.418949] cloud-init[960]: |.      ++.o..  . |
[   20.419169] cloud-init[960]: | o    .+S..=o.o .|
[   20.419737] cloud-init[960]: |. . . ..+..o*= + |
[   20.420804] cloud-init[960]: | . . . .o.=.oo+ .|
[   20.421856] cloud-init[960]: |  .  E  .=oo.+...|
[   20.422935] cloud-init[960]: |   ..   .==oo.o+ |
[   20.423928] cloud-init[960]: +----[SHA256]-----+
[   20.424958] cloud-init[960]: Generating public/private ecdsa key pair.
[   20.426038] cloud-init[960]: Your identification has been saved in /etc/ssh/ssh_host_ecdsa_key.
[   20.427121] cloud-init[960]: Your public key has been saved in /etc/ssh/ssh_host_ecdsa_key.pub.
[   20.428454] cloud-init[960]: The key fingerprint is:
[   20.429835] cloud-init[960]: SHA256:U0pij5G4ycPUrRyW8Sa5CWzEanmB1tPqTOaRIvAcBCk root@ubuntu-xenial
[   20.430876] cloud-init[960]: The key's randomart image is:
[   20.431719] cloud-init[960]: +---[ECDSA 256]---+
[   20.433489] cloud-init[960]: |.+.+...          |
[   20.434542] cloud-init[960]: |E +o=o.B         |
[   20.435609] cloud-init[960]: |o+ +*=% = .      |
[   20.437085] cloud-init[960]: |. B=BB & o       |
[   20.438166] cloud-init[960]: | o O*.* S        |
[   20.438970] cloud-init[960]: |    +.   .       |
[   20.439738] cloud-init[960]: |                 |
[   20.440783] cloud-init[960]: |                 |
[   20.441350] cloud-init[960]: |                 |
[   20.441815] cloud-init[960]: +----[SHA256]-----+
[   20.442784] cloud-init[960]: Generating public/private ed25519 key pair.
[   20.443982] cloud-init[960]: Your identification has been saved in /etc/ssh/ssh_host_ed25519_key.
[   20.444453] cloud-init[960]: Your public key has been saved in /etc/ssh/ssh_host_ed25519_key.pub.
[   20.444814] cloud-init[960]: The key fingerprint is:
[   20.445161] cloud-init[960]: SHA256:gE+Nq5jDcR0YKnJYozBF5h+7HwdSKIxNpUnK+fjnpq4 root@ubuntu-xenial
[   20.445286] cloud-init[960]: The key's randomart image is:
[   20.446005] cloud-init[960]: +--[ED25519 256]--+
[   20.446124] cloud-init[960]: |ooO.o            |
[   20.446240] cloud-init[960]: |o#.= = o         |
[   20.446353] cloud-init[960]: |BoX = * .        |
[   20.446448] cloud-init[960]: |.ooo B +         |
[   20.446533] cloud-init[960]: | ...= = S        |
[   20.446715] cloud-init[960]: | ..= + .         |
[   20.447884] cloud-init[960]: |  =.o.. .        |
[   20.449658] cloud-init[960]: |   .oo o         |
[   20.450728] cloud-init[960]: | Eooo..          |
[   20.451240] cloud-init[960]: +----[SHA256]-----+

         Starting iSCSI initiator daemon (iscsid)...
[[0;32m  OK  [0m] Reached target System Initialization.
[[0;32m  OK  [0m] Listening on ACPID Listen Socket.
[[0;32m  OK  [0m] Started Daily apt download activities.
[[0;32m  OK  [0m] Started Message of the Day.
[[0;32m  OK  [0m] Listening on D-Bus System Message Bus Socket.
[[0;32m  OK  [0m] Started Ubuntu Advantage update messaging.
[[0;32m  OK  [0m] Started ACPI Events Check.
[[0;32m  OK  [0m] Reached target Paths.
[[0;32m  OK  [0m] Started Daily Cleanup of Temporary Directories.
[[0;32m  OK  [0m] Listening on UUID daemon activation socket.
         Starting Socket activation for snappy daemon.
         Starting LXD - unix socket.
[[0;32m  OK  [0m] Started Daily apt upgrade and clean activities.
[[0;32m  OK  [0m] Reached target Timers.
[[0;32m  OK  [0m] Reached target Cloud-config availability.
[[0;32m  OK  [0m] Listening on Socket activation for snappy daemon.
[[0;32m  OK  [0m] Listening on LXD - unix socket.
[[0;32m  OK  [0m] Started iSCSI initiator daemon (iscsid).
         Starting Login to default iSCSI targets...
[[0;32m  OK  [0m] Reached target Sockets.
[[0;32m  OK  [0m] Reached target Basic System.
         Starting Login Service...
         Starting LSB: Record successful boot for GRUB...
         Starting /etc/rc.local Compatibility...
[[0;32m  OK  [0m] Started Regular background program processing daemon.
         Starting Virtualbox guest utils...
[[0;32m  OK  [0m] Started D-Bus System Message Bus.
[[0;32m  OK  [0m] Started Deferred execution scheduler.
[[0;32m  OK  [0m] Started ACPI event daemon.
         Starting LXD - container startup/shutdown...
         Starting LSB: MD monitoring daemon...
         Starting Pollinate to seed the pseudo random number generator...
         Starting System Logging Service...
         Starting Snap Daemon...
[[0;32m  OK  [0m] Started FUSE filesystem for LXC.
         Starting Accounts Service...
[[0;32m  OK  [0m] Started /etc/rc.local Compatibility.
[[0;32m  OK  [0m] Started System Logging Service.
[[0;32m  OK  [0m] Started Login to default iSCSI targets.
[[0;32m  OK  [0m] Started Login Service.
[[0;32m  OK  [0m] Started Unattended Upgrades Shutdown.
[[0;32m  OK  [0m] Reached target Remote File Systems (Pre).
[[0;32m  OK  [0m] Reached target Remote File Systems.
         Starting Permit User Sessions...
         Starting LSB: Set the CPU Frequency Scaling governor to "ondemand"...
         Starting LSB: automatic crash report generation...
         Starting LSB: daemon to balance interrupts for SMP systems...
[[0;32m  OK  [0m] Started Permit User Sessions.
         Starting Hold until boot process finishes up...
         Starting Terminate Plymouth Boot Screen...
[[0;32m  OK  [0m] Started Hold until boot process finishes up.
[[0;32m  OK  [0m] Started Terminate Plymouth Boot Screen.
[[0;32m  OK  [0m] Started Getty on tty1.
[[0;32m  OK  [0m] Started Serial Getty on ttyS0.
[[0;32m  OK  [0m] Reached target Login Prompts.
         Starting Set console scheme...
[[0;32m  OK  [0m] Started LSB: Record successful boot for GRUB.
[[0;32m  OK  [0m] Started Set console scheme.
[[0;32m  OK  [0m] Started LSB: Set the CPU Frequency Scaling governor to "ondemand".
[[0;32m  OK  [0m] Started LSB: MD monitoring daemon.
         Starting Authenticate and Authorize Users to Run Privileged Tasks...
[[0;32m  OK  [0m] Started LXD - container startup/shutdown.
[[0;32m  OK  [0m] Started LSB: daemon to balance interrupts for SMP systems.
[[0;32m  OK  [0m] Started LSB: automatic crash report generation.
[[0;32m  OK  [0m] Started Authenticate and Authorize Users to Run Privileged Tasks.
[[0;32m  OK  [0m] Started Accounts Service.
[[0;32m  OK  [0m] Started Virtualbox guest utils.
[[0;32m  OK  [0m] Started Snap Daemon.
         Starting Wait until snapd is fully seeded...
[[0;32m  OK  [0m] Started Pollinate to seed the pseudo random number generator.
         Starting OpenBSD Secure Shell server...
[[0;32m  OK  [0m] Started OpenBSD Secure Shell server.
[[0;32m  OK  [0m] Started Wait until snapd is fully seeded.
         Starting Apply the settings specified in cloud-config...
[[0;32m  OK  [0m] Reached target Multi-User System.
[[0;32m  OK  [0m] Reached target Graphical Interface.
         Starting Update UTMP about System Runlevel Changes...
[[0;32m  OK  [0m] Started Update UTMP about System Runlevel Changes.
[   25.456258] cloud-init[1321]: Generating locales (this might take a while)...

Ubuntu 16.04.7 LTS ubuntu-xenial ttyS0

ubuntu-xenial login: [   28.345575] cloud-init[1321]:   en_US.UTF-8... done
[   28.352356] cloud-init[1321]: Generation complete.
[   29.518686] cloud-init[1321]: Cloud-init v. 21.1-19-gbad84ad4-0ubuntu1~16.04.2 running 'modules:config' at Fri, 11 Mar 2022 13:33:43 +0000. Up 25.12 seconds.
ci-info: no authorized SSH keys fingerprints found for user ubuntu.
<14>Mar 11 13:33:49 ec2: 
<14>Mar 11 13:33:49 ec2: #############################################################
<14>Mar 11 13:33:49 ec2: -----BEGIN SSH HOST KEY FINGERPRINTS-----
<14>Mar 11 13:33:49 ec2: 1024 SHA256:vmW50TflSBWgbD7W8ozf6UKcIMj2/qe6yUFSmosI7H8 root@ubuntu-xenial (DSA)
<14>Mar 11 13:33:49 ec2: 256 SHA256:U0pij5G4ycPUrRyW8Sa5CWzEanmB1tPqTOaRIvAcBCk root@ubuntu-xenial (ECDSA)
<14>Mar 11 13:33:49 ec2: 256 SHA256:gE+Nq5jDcR0YKnJYozBF5h+7HwdSKIxNpUnK+fjnpq4 root@ubuntu-xenial (ED25519)
<14>Mar 11 13:33:49 ec2: 2048 SHA256:YB4XRcNIT5F9JQxx+uoZHe87yKmj4I2uwzapD+IT0rk root@ubuntu-xenial (RSA)
<14>Mar 11 13:33:49 ec2: -----END SSH HOST KEY FINGERPRINTS-----
<14>Mar 11 13:33:49 ec2: #############################################################
-----BEGIN SSH HOST KEY KEYS-----
ecdsa-sha2-nistp256 AAAAE2VjZHNhLXNoYTItbmlzdHAyNTYAAAAIbmlzdHAyNTYAAABBBGslt+2vxGC4Yq3n5D1lJya2N0tIuHoLQY0dlAGhxxuUw1F8nKFOnHgHYZUwF9bcfWfuTmwjpP/ucXf9+KY6KTE= root@ubuntu-xenial
ssh-ed25519 AAAAC3NzaC1lZDI1NTE5AAAAIB3qcd3CcwXN11oc7A6MvzJshGjZ1/Ub8gVmjLWOHSmu root@ubuntu-xenial
ssh-rsa AAAAB3NzaC1yc2EAAAADAQABAAABAQDFsh1CKbLnQg+h5CRoJEbxrO7Xf2OPVe8polT3ET/fgfitr3TV4IYJJidImRwQdvpTOZ5eV6lFC+h4otFViB1FGRXdGQ5WTq/YDn+EppVPNxbEeIl/jMd7mUP64//6EGVR8GA6lT25u+4+V8XE5poSY8iDrzgmD4sehtPxWhXVVpICxo5dSjXcDozWW4uNfV+ROZoCB5K32vcW9iAtGDr39q2WDWSs13sB/lrKUvnfLlOuBj87rrNxDNIecMPJYrfv5eamAXWq5PFS09kjjWbzixZtI5duCxId66h0X9KCUK3lZoNNgO+K7bcSHUOZJatxq9gp9l/3vf7ifUBjQ5mF root@ubuntu-xenial
-----END SSH HOST KEY KEYS-----
[   31.345941] cloud-init[1502]: Cloud-init v. 21.1-19-gbad84ad4-0ubuntu1~16.04.2 running 'modules:final' at Fri, 11 Mar 2022 13:33:49 +0000. Up 30.87 seconds.
[   31.346989] cloud-init[1502]: ci-info: no authorized SSH keys fingerprints found for user ubuntu.
[   31.347566] cloud-init[1502]: Cloud-init v. 21.1-19-gbad84ad4-0ubuntu1~16.04.2 finished at Fri, 11 Mar 2022 13:33:50 +0000. Datasource DataSourceNoCloud [seed=/dev/sdb][dsmode=net].  Up 31.31 seconds
